<?xml version="1.0" encoding="UTF-8"?>
<testsuite xmlns:xsi="http://www.w3.org/2001/XMLSchema-instance" xsi:noNamespaceSchemaLocation="https://maven.apache.org/surefire/maven-surefire-plugin/xsd/surefire-test-report.xsd" name="TestSuite" time="0.535" tests="4" errors="0" skipped="0" failures="0">
  <properties>
    <property name="gopherProxySet" value="false"/>
    <property name="awt.toolkit" value="sun.lwawt.macosx.LWCToolkit"/>
    <property name="file.encoding.pkg" value="sun.io"/>
    <property name="java.specification.version" value="1.8"/>
    <property name="sun.cpu.isalist" value=""/>
    <property name="sun.jnu.encoding" value="UTF-8"/>
    <property name="java.class.path" value="/Users/shikaifeng/idea-workspace/apidemo/target/test-classes:/Users/shikaifeng/idea-workspace/apidemo/target/classes:/Users/shikaifeng/.m2/repository/org/testng/testng/6.8/testng-6.8.jar:/Users/shikaifeng/.m2/repository/junit/junit/4.10/junit-4.10.jar:/Users/shikaifeng/.m2/repository/org/hamcrest/hamcrest-core/1.1/hamcrest-core-1.1.jar:/Users/shikaifeng/.m2/repository/org/beanshell/bsh/2.0b4/bsh-2.0b4.jar:/Users/shikaifeng/.m2/repository/com/beust/jcommander/1.27/jcommander-1.27.jar:/Users/shikaifeng/.m2/repository/org/yaml/snakeyaml/1.6/snakeyaml-1.6.jar:/Users/shikaifeng/.m2/repository/io/qameta/allure/allure-testng/2.0-BETA21/allure-testng-2.0-BETA21.jar:/Users/shikaifeng/.m2/repository/io/qameta/allure/allure-descriptions-javadoc/2.0-BETA21/allure-descriptions-javadoc-2.0-BETA21.jar:/Users/shikaifeng/.m2/repository/commons-io/commons-io/2.5/commons-io-2.5.jar:/Users/shikaifeng/.m2/repository/io/qameta/allure/allure-java-commons/2.0-BETA21/allure-java-commons-2.0-BETA21.jar:/Users/shikaifeng/.m2/repository/com/google/guava/guava/19.0/guava-19.0.jar:/Users/shikaifeng/.m2/repository/io/qameta/allure/allure2-model-api/1.0-BETA6/allure2-model-api-1.0-BETA6.jar:/Users/shikaifeng/.m2/repository/io/qameta/allure/allure2-model-pojo/1.0-BETA6/allure2-model-pojo-1.0-BETA6.jar:/Users/shikaifeng/.m2/repository/org/apache/tika/tika-core/1.14/tika-core-1.14.jar:/Users/shikaifeng/.m2/repository/io/qameta/allure/allure2-model-jackson/1.0-BETA6/allure2-model-jackson-1.0-BETA6.jar:/Users/shikaifeng/.m2/repository/com/fasterxml/jackson/core/jackson-databind/2.7.0/jackson-databind-2.7.0.jar:/Users/shikaifeng/.m2/repository/com/fasterxml/jackson/core/jackson-annotations/2.7.0/jackson-annotations-2.7.0.jar:/Users/shikaifeng/.m2/repository/com/fasterxml/jackson/core/jackson-core/2.7.0/jackson-core-2.7.0.jar:/Users/shikaifeng/.m2/repository/com/fasterxml/jackson/module/jackson-module-jaxb-annotations/2.7.0/jackson-module-jaxb-annotations-2.7.0.jar:/Users/shikaifeng/.m2/repository/org/apache/commons/commons-lang3/3.5/commons-lang3-3.5.jar:/Users/shikaifeng/.m2/repository/org/aspectj/aspectjrt/1.8.10/aspectjrt-1.8.10.jar:/Users/shikaifeng/.m2/repository/org/jooq/joor/0.9.6/joor-0.9.6.jar:/Users/shikaifeng/.m2/repository/org/slf4j/slf4j-api/1.7.21/slf4j-api-1.7.21.jar:/Users/shikaifeng/.m2/repository/au/com/bytecode/opencsv/2.4/opencsv-2.4.jar:/Users/shikaifeng/.m2/repository/org/apache/maven/surefire/surefire-testng-utils/2.20.1/surefire-testng-utils-2.20.1.jar:/Users/shikaifeng/.m2/repository/org/apache/maven/surefire/surefire-grouper/2.20.1/surefire-grouper-2.20.1.jar:"/>
    <property name="java.vm.vendor" value="Oracle Corporation"/>
    <property name="sun.arch.data.model" value="64"/>
    <property name="java.vendor.url" value="http://java.oracle.com/"/>
    <property name="user.timezone" value=""/>
    <property name="java.vm.specification.version" value="1.8"/>
    <property name="os.name" value="Mac OS X"/>
    <property name="user.country" value="CN"/>
    <property name="sun.java.launcher" value="SUN_STANDARD"/>
    <property name="sun.boot.library.path" value="/Library/Java/JavaVirtualMachines/jdk1.8.0_144.jdk/Contents/Home/jre/lib"/>
    <property name="sun.java.command" value="/Users/shikaifeng/idea-workspace/apidemo/target/surefire/surefirebooter786648995288553075.jar /Users/shikaifeng/idea-workspace/apidemo/target/surefire 2017-12-06T15-47-25_183-jvmRun1 surefire4173511532008066557tmp surefire_08080027660602687784tmp"/>
    <property name="surefire.test.class.path" value="/Users/shikaifeng/idea-workspace/apidemo/target/test-classes:/Users/shikaifeng/idea-workspace/apidemo/target/classes:/Users/shikaifeng/.m2/repository/org/testng/testng/6.8/testng-6.8.jar:/Users/shikaifeng/.m2/repository/junit/junit/4.10/junit-4.10.jar:/Users/shikaifeng/.m2/repository/org/hamcrest/hamcrest-core/1.1/hamcrest-core-1.1.jar:/Users/shikaifeng/.m2/repository/org/beanshell/bsh/2.0b4/bsh-2.0b4.jar:/Users/shikaifeng/.m2/repository/com/beust/jcommander/1.27/jcommander-1.27.jar:/Users/shikaifeng/.m2/repository/org/yaml/snakeyaml/1.6/snakeyaml-1.6.jar:/Users/shikaifeng/.m2/repository/io/qameta/allure/allure-testng/2.0-BETA21/allure-testng-2.0-BETA21.jar:/Users/shikaifeng/.m2/repository/io/qameta/allure/allure-descriptions-javadoc/2.0-BETA21/allure-descriptions-javadoc-2.0-BETA21.jar:/Users/shikaifeng/.m2/repository/commons-io/commons-io/2.5/commons-io-2.5.jar:/Users/shikaifeng/.m2/repository/io/qameta/allure/allure-java-commons/2.0-BETA21/allure-java-commons-2.0-BETA21.jar:/Users/shikaifeng/.m2/repository/com/google/guava/guava/19.0/guava-19.0.jar:/Users/shikaifeng/.m2/repository/io/qameta/allure/allure2-model-api/1.0-BETA6/allure2-model-api-1.0-BETA6.jar:/Users/shikaifeng/.m2/repository/io/qameta/allure/allure2-model-pojo/1.0-BETA6/allure2-model-pojo-1.0-BETA6.jar:/Users/shikaifeng/.m2/repository/org/apache/tika/tika-core/1.14/tika-core-1.14.jar:/Users/shikaifeng/.m2/repository/io/qameta/allure/allure2-model-jackson/1.0-BETA6/allure2-model-jackson-1.0-BETA6.jar:/Users/shikaifeng/.m2/repository/com/fasterxml/jackson/core/jackson-databind/2.7.0/jackson-databind-2.7.0.jar:/Users/shikaifeng/.m2/repository/com/fasterxml/jackson/core/jackson-annotations/2.7.0/jackson-annotations-2.7.0.jar:/Users/shikaifeng/.m2/repository/com/fasterxml/jackson/core/jackson-core/2.7.0/jackson-core-2.7.0.jar:/Users/shikaifeng/.m2/repository/com/fasterxml/jackson/module/jackson-module-jaxb-annotations/2.7.0/jackson-module-jaxb-annotations-2.7.0.jar:/Users/shikaifeng/.m2/repository/org/apache/commons/commons-lang3/3.5/commons-lang3-3.5.jar:/Users/shikaifeng/.m2/repository/org/aspectj/aspectjrt/1.8.10/aspectjrt-1.8.10.jar:/Users/shikaifeng/.m2/repository/org/jooq/joor/0.9.6/joor-0.9.6.jar:/Users/shikaifeng/.m2/repository/org/slf4j/slf4j-api/1.7.21/slf4j-api-1.7.21.jar:/Users/shikaifeng/.m2/repository/au/com/bytecode/opencsv/2.4/opencsv-2.4.jar:/Users/shikaifeng/.m2/repository/org/apache/maven/surefire/surefire-testng-utils/2.20.1/surefire-testng-utils-2.20.1.jar:/Users/shikaifeng/.m2/repository/org/apache/maven/surefire/surefire-grouper/2.20.1/surefire-grouper-2.20.1.jar:"/>
    <property name="sun.cpu.endian" value="little"/>
    <property name="user.home" value="/Users/shikaifeng"/>
    <property name="user.language" value="zh"/>
    <property name="java.specification.vendor" value="Oracle Corporation"/>
    <property name="java.home" value="/Library/Java/JavaVirtualMachines/jdk1.8.0_144.jdk/Contents/Home/jre"/>
    <property name="basedir" value="/Users/shikaifeng/idea-workspace/apidemo"/>
    <property name="file.separator" value="/"/>
    <property name="line.separator" value="&#10;"/>
    <property name="java.vm.specification.vendor" value="Oracle Corporation"/>
    <property name="java.specification.name" value="Java Platform API Specification"/>
    <property name="java.awt.graphicsenv" value="sun.awt.CGraphicsEnvironment"/>
    <property name="surefire.real.class.path" value="/Users/shikaifeng/idea-workspace/apidemo/target/surefire/surefirebooter786648995288553075.jar"/>
    <property name="sun.boot.class.path" value="/Library/Java/JavaVirtualMachines/jdk1.8.0_144.jdk/Contents/Home/jre/lib/resources.jar:/Library/Java/JavaVirtualMachines/jdk1.8.0_144.jdk/Contents/Home/jre/lib/rt.jar:/Library/Java/JavaVirtualMachines/jdk1.8.0_144.jdk/Contents/Home/jre/lib/sunrsasign.jar:/Library/Java/JavaVirtualMachines/jdk1.8.0_144.jdk/Contents/Home/jre/lib/jsse.jar:/Library/Java/JavaVirtualMachines/jdk1.8.0_144.jdk/Contents/Home/jre/lib/jce.jar:/Library/Java/JavaVirtualMachines/jdk1.8.0_144.jdk/Contents/Home/jre/lib/charsets.jar:/Library/Java/JavaVirtualMachines/jdk1.8.0_144.jdk/Contents/Home/jre/lib/jfr.jar:/Library/Java/JavaVirtualMachines/jdk1.8.0_144.jdk/Contents/Home/jre/classes"/>
    <property name="sun.management.compiler" value="HotSpot 64-Bit Tiered Compilers"/>
    <property name="java.runtime.version" value="1.8.0_144-b01"/>
    <property name="user.name" value="shikaifeng"/>
    <property name="path.separator" value=":"/>
    <property name="os.version" value="10.12.6"/>
    <property name="java.endorsed.dirs" value="/Library/Java/JavaVirtualMachines/jdk1.8.0_144.jdk/Contents/Home/jre/lib/endorsed"/>
    <property name="java.runtime.name" value="Java(TM) SE Runtime Environment"/>
    <property name="file.encoding" value="UTF-8"/>
    <property name="java.vm.name" value="Java HotSpot(TM) 64-Bit Server VM"/>
    <property name="localRepository" value="/Users/shikaifeng/.m2/repository"/>
    <property name="java.vendor.url.bug" value="http://bugreport.sun.com/bugreport/"/>
    <property name="java.io.tmpdir" value="/var/folders/sg/wj565j1x1mb30rd2110twkbm0000gn/T/"/>
    <property name="java.version" value="1.8.0_144"/>
    <property name="user.dir" value="/Users/shikaifeng/idea-workspace/apidemo"/>
    <property name="os.arch" value="x86_64"/>
    <property name="java.vm.specification.name" value="Java Virtual Machine Specification"/>
    <property name="java.awt.printerjob" value="sun.lwawt.macosx.CPrinterJob"/>
    <property name="sun.os.patch.level" value="unknown"/>
    <property name="java.library.path" value="/Users/shikaifeng/Library/Java/Extensions:/Library/Java/Extensions:/Network/Library/Java/Extensions:/System/Library/Java/Extensions:/usr/lib/java:."/>
    <property name="java.vm.info" value="mixed mode"/>
    <property name="java.vendor" value="Oracle Corporation"/>
    <property name="java.vm.version" value="25.144-b01"/>
    <property name="java.ext.dirs" value="/Users/shikaifeng/Library/Java/Extensions:/Library/Java/JavaVirtualMachines/jdk1.8.0_144.jdk/Contents/Home/jre/lib/ext:/Library/Java/Extensions:/Network/Library/Java/Extensions:/System/Library/Java/Extensions:/usr/lib/java"/>
    <property name="sun.io.unicode.encoding" value="UnicodeBig"/>
    <property name="java.class.version" value="52.0"/>
  </properties>
  <testcase name="testcase1" classname="demo1TestCase" time="0.051"/>
  <testcase name="testcase2" classname="demo1TestCase" time="0.002"/>
  <testcase name="getDate" classname="GetDateDemoTestCase" time="0.002"/>
  <testcase name="testcase2" classname="GetDateDemoTestCase" time="0.002"/>
</testsuite>