<?xml version="1.0" encoding="UTF-8"?>
<!-- Generated by org.testng.reporters.JUnitReportReporter -->
<testsuite hostname="shikaifengdeMacBook-Pro.local" name="demo1TestCase" tests="2" failures="0" timestamp="5 Dec 2017 06:04:53 GMT" time="0.087" errors="0">
  <testcase name="testcase1" time="0.086" classname="demo1TestCase"/>
  <testcase name="testcase2" time="0.001" classname="demo1TestCase"/>
</testsuite> <!-- demo1TestCase -->
