<?xml version="1.0" encoding="UTF-8"?>
<!-- Generated by org.testng.reporters.JUnitReportReporter -->
<testsuite hostname="shikaifengdeMacBook-Pro.local" name="GetDateDemoTestCase" tests="2" failures="0" timestamp="6 Dec 2017 07:47:26 GMT" time="0.003" errors="0">
  <testcase name="getDate" time="0.002" classname="GetDateDemoTestCase"/>
  <testcase name="testcase2" time="0.001" classname="GetDateDemoTestCase"/>
</testsuite> <!-- GetDateDemoTestCase -->
